{
  "stats": {
    "suites": 1,
    "tests": 1,
    "passes": 1,
    "pending": 0,
    "failures": 0,
    "start": "2022-10-05T22:49:37.604Z",
    "end": "2022-10-05T22:50:04.735Z",
    "duration": 27131,
    "testsRegistered": 1,
    "passPercent": 100,
    "pendingPercent": 0,
    "other": 0,
    "hasOther": false,
    "skipped": 0,
    "hasSkipped": false
  },
  "results": [
    {
      "uuid": "110d17f9-90f9-4232-9901-6baa3f4ae252",
      "title": "",
      "fullFile": "cypress/integration/1-getting-started/login.spec.js",
      "file": "cypress/integration/1-getting-started/login.spec.js",
      "beforeHooks": [],
      "afterHooks": [],
      "tests": [],
      "suites": [
        {
          "uuid": "a01be609-61a2-4c44-a96d-baffd6e1f6a9",
          "title": "example to-do app",
          "fullFile": "",
          "file": "",
          "beforeHooks": [],
          "afterHooks": [],
          "tests": [
            {
              "title": "Change adress",
              "fullTitle": "example to-do app Change adress",
              "timedOut": null,
              "duration": 19782,
              "state": "passed",
              "speed": "slow",
              "pass": true,
              "fail": false,
              "pending": false,
              "context": null,
              "code": "const header = new _header.default();\nconst login = new _login.default();\nheader.getLoginRegisterButon().click();\nlogin.getUserInput().type(_usuarios.default.users[0].user);\nlogin.getPassInput().type(_usuarios.default.users[0].password);\nlogin.getLoginBtn().click();\ncy.get('.nav-dash > :nth-child(9) > a').click();\ncy.get('.mb40 > .btn').click();",
              "err": {},
              "uuid": "e31a838b-cee6-4cdb-9514-8c9d2bf224d2",
              "parentUUID": "a01be609-61a2-4c44-a96d-baffd6e1f6a9",
              "isHook": false,
              "skipped": false
            }
          ],
          "suites": [],
          "passes": [
            "e31a838b-cee6-4cdb-9514-8c9d2bf224d2"
          ],
          "failures": [],
          "pending": [],
          "skipped": [],
          "duration": 19782,
          "root": false,
          "rootEmpty": false,
          "_timeout": 2000
        }
      ],
      "passes": [],
      "failures": [],
      "pending": [],
      "skipped": [],
      "duration": 0,
      "root": true,
      "rootEmpty": true,
      "_timeout": 2000
    }
  ],
  "meta": {
    "mocha": {
      "version": "7.0.1"
    },
    "mochawesome": {
      "options": {
        "quiet": false,
        "reportFilename": "mochawesome",
        "saveHtml": true,
        "saveJson": true,
        "consoleReporter": "spec",
        "useInlineDiffs": false,
        "code": true
      },
      "version": "7.1.3"
    },
    "marge": {
      "options": null,
      "version": "6.2.0"
    }
  }
}